Arguments: 
  /opt/homebrew/Cellar/node/17.3.0/bin/node /opt/homebrew/bin/yarn create www-venu --typescript

PATH: 
  /Library/Frameworks/Python.framework/Versions/3.11/bin:/opt/homebrew/bin:/opt/homebrew/sbin:/usr/local/bin:/System/Cryptexes/App/usr/bin:/usr/bin:/bin:/usr/sbin:/sbin:/Library/Apple/usr/bin

Yarn version: 
  1.22.17

Node version: 
  17.3.0

Platform: 
  darwin arm64

Trace: 
  Error: https://registry.yarnpkg.com/create-www-venu: Not found
      at Request.params.callback [as _callback] (/opt/homebrew/lib/node_modules/yarn/lib/cli.js:67029:18)
      at Request.self.callback (/opt/homebrew/lib/node_modules/yarn/lib/cli.js:140883:22)
      at Request.emit (node:events:390:28)
      at Request.<anonymous> (/opt/homebrew/lib/node_modules/yarn/lib/cli.js:141855:10)
      at Request.emit (node:events:390:28)
      at IncomingMessage.<anonymous> (/opt/homebrew/lib/node_modules/yarn/lib/cli.js:141777:12)
      at Object.onceWrapper (node:events:509:28)
      at IncomingMessage.emit (node:events:402:35)
      at endReadableNT (node:internal/streams/readable:1343:12)
      at processTicksAndRejections (node:internal/process/task_queues:83:21)

npm manifest: 
  {
    "dependencies": {
      "create-next-app": "^12.0.7"
    }
  }

yarn manifest: 
  No manifest

Lockfile: 
  # THIS IS AN AUTOGENERATED FILE. DO NOT EDIT THIS FILE DIRECTLY.
  # yarn lockfile v1
  
  
  create-next-app@^12.0.7:
    version "12.0.7"
    resolved "https://registry.yarnpkg.com/create-next-app/-/create-next-app-12.0.7.tgz#79cf12a1247dd28edd7931076f46780a7fd2be47"
    integrity sha512-TVYs5h9LzPrNVrIXBJT1YEhP0qRJj9otq3e+SpUoqIas+CWxJeAVfLb95I4SlVxdTyjQwS03hIPvh2ZKceu5DA==
